\BOOKMARK [1][-]{section.1}{\376\377\230\171\166\356\200\314\146\157}{}% 1
\BOOKMARK [1][-]{section.2}{\376\377\230\171\166\356\166\356\150\007}{}% 2
\BOOKMARK [2][-]{subsection.2.1}{\376\377\230\337\162\151\204\045\121\173\142\020\122\006\147\345\213\342}{section.2}% 3
\BOOKMARK [2][-]{subsection.2.2}{\376\377\203\334\214\061\165\037\142\020}{section.2}% 4
\BOOKMARK [2][-]{subsection.2.3}{\376\377\116\052\140\047\123\026\231\156\230\337\143\250\203\120}{section.2}% 5
\BOOKMARK [2][-]{subsection.2.4}{\376\377\231\020\123\205\143\250\203\120\116\016\215\357\137\204\211\304\122\022}{section.2}% 6
\BOOKMARK [1][-]{section.3}{\376\377\142\200\147\057\133\236\163\260}{}% 7
\BOOKMARK [2][-]{subsection.3.1}{\376\377\150\070\137\303\135\345\121\167}{section.3}% 8
\BOOKMARK [3][-]{subsubsection.3.1.1}{\376\377\226\077\221\314\166\176\160\274\136\163\123\360}{subsection.3.1}% 9
\BOOKMARK [3][-]{subsubsection.3.1.2}{\376\377\220\032\116\111\123\103\225\356\131\047\152\041\127\213}{subsection.3.1}% 10
\BOOKMARK [3][-]{subsubsection.3.1.3}{\376\377\131\026\220\350\000\040\000A\000P\000I}{subsection.3.1}% 11
\BOOKMARK [2][-]{subsection.3.2}{\376\377\133\236\163\260\217\307\172\013}{section.3}% 12
\BOOKMARK [3][-]{subsubsection.3.2.1}{\376\377\131\047\117\123\150\106\147\266}{subsection.3.2}% 13
\BOOKMARK [3][-]{subsubsection.3.2.2}{\376\377\143\320\171\072\213\315\213\276\177\156}{subsection.3.2}% 14
\BOOKMARK [3][-]{subsubsection.3.2.3}{\376\377\135\345\117\134\155\101\144\055\136\372}{subsection.3.2}% 15
\BOOKMARK [3][-]{subsubsection.3.2.4}{\376\377\122\115\172\357\133\236\163\260}{subsection.3.2}% 16
\BOOKMARK [3][-]{subsubsection.3.2.5}{\376\377\000p\000r\000e\124\016\166\204\117\030\123\026}{subsection.3.2}% 17
\BOOKMARK [1][-]{section.4}{\376\377\147\000\176\310\145\110\147\234}{}% 18
\BOOKMARK [2][-]{subsection.4.1}{\376\377\147\345\213\342\230\337\162\151\204\045\121\173\117\341\140\157}{section.4}% 19
\BOOKMARK [2][-]{subsection.4.2}{\376\377\165\037\142\020\203\334\214\061}{section.4}% 20
\BOOKMARK [2][-]{subsection.4.3}{\376\377\116\052\140\047\123\026\231\156\230\337\143\250\203\120}{section.4}% 21
\BOOKMARK [2][-]{subsection.4.4}{\376\377\231\020\123\205\143\250\203\120}{section.4}% 22
\BOOKMARK [1][-]{section.5}{\376\377\140\073\176\323\116\016\134\125\147\033}{}% 23
